0 info it worked if it ends with ok
1 verbose cli [ 'node', '/usr/local/bin/npm', 'install', '-g', 'pakmanager' ]
2 info using npm@1.3.11
3 info using node@v0.10.21
4 verbose cache add [ 'pakmanager', null ]
5 verbose cache add name=undefined spec="pakmanager" args=["pakmanager",null]
6 verbose parsed url { protocol: null,
6 verbose parsed url   slashes: null,
6 verbose parsed url   auth: null,
6 verbose parsed url   host: null,
6 verbose parsed url   port: null,
6 verbose parsed url   hostname: null,
6 verbose parsed url   hash: null,
6 verbose parsed url   search: null,
6 verbose parsed url   query: null,
6 verbose parsed url   pathname: 'pakmanager',
6 verbose parsed url   path: 'pakmanager',
6 verbose parsed url   href: 'pakmanager' }
7 silly lockFile ab50e5fc-pakmanager pakmanager
8 verbose lock pakmanager /Users/danielkershaw/.npm/ab50e5fc-pakmanager.lock
9 silly lockFile ab50e5fc-pakmanager pakmanager
10 silly lockFile ab50e5fc-pakmanager pakmanager
11 verbose addNamed [ 'pakmanager', '' ]
12 verbose addNamed [ null, '*' ]
13 silly lockFile 15818177-pakmanager pakmanager@
14 verbose lock pakmanager@ /Users/danielkershaw/.npm/15818177-pakmanager.lock
15 silly addNameRange { name: 'pakmanager', range: '*', hasData: false }
16 verbose url raw pakmanager
17 verbose url resolving [ 'https://registry.npmjs.org/', './pakmanager' ]
18 verbose url resolved https://registry.npmjs.org/pakmanager
19 info trying registry request attempt 1 at 14:15:49
20 http GET https://registry.npmjs.org/pakmanager
21 http 200 https://registry.npmjs.org/pakmanager
22 silly registry.get cb [ 200,
22 silly registry.get   { vary: 'Accept',
22 silly registry.get     server: 'CouchDB/1.3.1 (Erlang OTP/R15B03)',
22 silly registry.get     etag: '"8QFOHT5RU8P7R40XCB9GBNRTP"',
22 silly registry.get     date: 'Fri, 08 Nov 2013 14:15:49 GMT',
22 silly registry.get     'content-type': 'application/json',
22 silly registry.get     'content-length': '36080' } ]
23 silly addNameRange number 2 { name: 'pakmanager', range: '*', hasData: true }
24 silly addNameRange versions [ 'pakmanager',
24 silly addNameRange   [ '0.8.1',
24 silly addNameRange     '0.8.4',
24 silly addNameRange     '0.8.5',
24 silly addNameRange     '0.8.6',
24 silly addNameRange     '0.8.7',
24 silly addNameRange     '0.8.8',
24 silly addNameRange     '0.11.3',
24 silly addNameRange     '0.11.4',
24 silly addNameRange     '0.11.5',
24 silly addNameRange     '0.11.6',
24 silly addNameRange     '0.11.7',
24 silly addNameRange     '0.11.8',
24 silly addNameRange     '0.12.0',
24 silly addNameRange     '0.12.1' ] ]
25 verbose addNamed [ 'pakmanager', '0.12.1' ]
26 verbose addNamed [ '0.12.1', '0.12.1' ]
27 silly lockFile dbf044d4-pakmanager-0-12-1 pakmanager@0.12.1
28 verbose lock pakmanager@0.12.1 /Users/danielkershaw/.npm/dbf044d4-pakmanager-0-12-1.lock
29 silly lockFile 4d33d4d8-pakmanager-pakmanager-0-12-1-tgz https://registry.npmjs.org/pakmanager/-/pakmanager-0.12.1.tgz
30 verbose lock https://registry.npmjs.org/pakmanager/-/pakmanager-0.12.1.tgz /Users/danielkershaw/.npm/4d33d4d8-pakmanager-pakmanager-0-12-1-tgz.lock
31 verbose addRemoteTarball [ 'https://registry.npmjs.org/pakmanager/-/pakmanager-0.12.1.tgz',
31 verbose addRemoteTarball   '6b0cfc746678e3041ba452ca43a84bc5a6552406' ]
32 info retry fetch attempt 1 at 14:15:50
33 verbose fetch to= /var/folders/0g/kkp85r6j6dj8pwx96p0zwcdr0000gn/T/npm-16693-1Z5TuQ3B/1383920150168-0.4570165213663131/tmp.tgz
34 http GET https://registry.npmjs.org/pakmanager/-/pakmanager-0.12.1.tgz
35 http 200 https://registry.npmjs.org/pakmanager/-/pakmanager-0.12.1.tgz
36 verbose tar unpack /var/folders/0g/kkp85r6j6dj8pwx96p0zwcdr0000gn/T/npm-16693-1Z5TuQ3B/1383920150168-0.4570165213663131/tmp.tgz
37 silly lockFile 528f1691-50168-0-4570165213663131-package tar:///var/folders/0g/kkp85r6j6dj8pwx96p0zwcdr0000gn/T/npm-16693-1Z5TuQ3B/1383920150168-0.4570165213663131/package
38 verbose lock tar:///var/folders/0g/kkp85r6j6dj8pwx96p0zwcdr0000gn/T/npm-16693-1Z5TuQ3B/1383920150168-0.4570165213663131/package /Users/danielkershaw/.npm/528f1691-50168-0-4570165213663131-package.lock
39 silly lockFile 154876a0-50168-0-4570165213663131-tmp-tgz tar:///var/folders/0g/kkp85r6j6dj8pwx96p0zwcdr0000gn/T/npm-16693-1Z5TuQ3B/1383920150168-0.4570165213663131/tmp.tgz
40 verbose lock tar:///var/folders/0g/kkp85r6j6dj8pwx96p0zwcdr0000gn/T/npm-16693-1Z5TuQ3B/1383920150168-0.4570165213663131/tmp.tgz /Users/danielkershaw/.npm/154876a0-50168-0-4570165213663131-tmp-tgz.lock
41 silly gunzTarPerm modes [ '755', '644' ]
42 silly gunzTarPerm extractEntry package.json
43 silly gunzTarPerm extractEntry .npmignore
44 silly gunzTarPerm extractEntry README.md
45 silly gunzTarPerm extractEntry has-package.js
46 silly gunzTarPerm extractEntry has-browser.js
47 silly gunzTarPerm extractEntry rwalk-test.js
48 silly gunzTarPerm extractEntry rwalk.js
49 silly gunzTarPerm extractEntry LICENSE.MIT
50 silly gunzTarPerm extractEntry lib/browser-natives.js
51 silly gunzTarPerm extractEntry lib/index.js
52 silly gunzTarPerm extractEntry lib/node-natives.js
53 silly gunzTarPerm extractEntry lib/pakmanager-loader-browser.js
54 silly gunzTarPerm extractEntry lib/pakmanager-loader.js
55 silly gunzTarPerm extractEntry mkender.sh
56 silly gunzTarPerm extractEntry .jshintrc
57 silly gunzTarPerm extractEntry bin/argparse.js
58 silly gunzTarPerm extractEntry bin/cli.js
59 silly gunzTarPerm extractEntry bin/pakmanager.js
60 silly gunzTarPerm extractEntry bin/argparsers/build.js
61 silly gunzTarPerm extractEntry bin/argparsers/deps.js
62 silly gunzTarPerm extractEntry bin/argparsers/main.js
63 silly gunzTarPerm extractEntry LICENSE.APACHE2
64 silly gunzTarPerm extractEntry test-package/package.json
65 silly gunzTarPerm extractEntry test-package/pakmanaged.js
66 silly gunzTarPerm extractEntry test-package/pakmanaged.min.js
67 silly gunzTarPerm extractEntry test-package/lib/bar.js
68 silly gunzTarPerm extractEntry test-package/lib/baz.js
69 silly gunzTarPerm extractEntry test-package/lib/foo.js
70 silly gunzTarPerm extractEntry test-package/lib/index.js
71 silly gunzTarPerm extractEntry test-package/pakmanaged.html
72 silly gunzTarPerm extractEntry test-package/pakmanaged.jade
73 silly gunzTarPerm extractEntry test-package/pakmanaged.js.gz
74 silly gunzTarPerm extractEntry test-package/pakmanaged.min.js.gz
75 silly gunzTarPerm extractEntry test-package/node_modules/fresh/package.json
76 silly gunzTarPerm extractEntry test-package/node_modules/fresh/.npmignore
77 silly gunzTarPerm extractEntry test-package/node_modules/fresh/index.js
78 silly gunzTarPerm extractEntry test-package/node_modules/fresh/Makefile
79 silly gunzTarPerm extractEntry test-package/node_modules/fresh/Readme.md
80 silly gunzTarPerm extractEntry test-package/node_modules/bytes/package.json
81 silly gunzTarPerm extractEntry test-package/node_modules/bytes/.npmignore
82 silly gunzTarPerm extractEntry test-package/node_modules/bytes/index.js
83 silly gunzTarPerm extractEntry test-package/node_modules/bytes/History.md
84 silly gunzTarPerm extractEntry test-package/node_modules/bytes/Makefile
85 silly gunzTarPerm extractEntry test-package/node_modules/bytes/Readme.md
86 silly gunzTarPerm extractEntry test-package/node_modules/bytes/component.json
87 silly gunzTarPerm extractEntry test-package/node_modules/crc/package.json
88 silly gunzTarPerm extractEntry test-package/node_modules/crc/.npmignore
89 silly gunzTarPerm extractEntry test-package/node_modules/crc/README.md
90 silly gunzTarPerm extractEntry test-package/node_modules/crc/.gitmodules
91 silly gunzTarPerm extractEntry test-package/node_modules/crc/Makefile
92 silly gunzTarPerm extractEntry test-package/node_modules/crc/lib/crc.js
93 silly gunzTarPerm extractEntry test-package/node_modules/crc/test/crc.js
94 silly gunzTarPerm extractEntry test-package/node_modules/debug/package.json
95 silly gunzTarPerm extractEntry test-package/node_modules/debug/.npmignore
96 silly gunzTarPerm extractEntry test-package/node_modules/debug/index.js
97 silly gunzTarPerm extractEntry test-package/node_modules/debug/debug.component.js
98 silly gunzTarPerm extractEntry test-package/node_modules/debug/debug.js
99 silly gunzTarPerm extractEntry test-package/node_modules/debug/head.js
100 silly gunzTarPerm extractEntry test-package/node_modules/debug/tail.js
101 silly gunzTarPerm extractEntry test-package/node_modules/debug/History.md
102 silly gunzTarPerm extractEntry test-package/node_modules/debug/Readme.md
103 silly gunzTarPerm extractEntry test-package/node_modules/debug/lib/debug.js
104 silly gunzTarPerm extractEntry test-package/node_modules/debug/Makefile
105 silly gunzTarPerm extractEntry test-package/node_modules/debug/example/app.js
106 silly gunzTarPerm extractEntry test-package/node_modules/debug/example/wildcards.js
107 silly gunzTarPerm extractEntry test-package/node_modules/debug/example/worker.js
108 silly gunzTarPerm extractEntry test-package/node_modules/debug/example/browser.html
109 silly gunzTarPerm extractEntry test-package/node_modules/formidable/package.json
110 silly gunzTarPerm extractEntry test-package/node_modules/formidable/.npmignore
111 silly gunzTarPerm extractEntry test-package/node_modules/formidable/index.js
112 silly gunzTarPerm extractEntry test-package/node_modules/formidable/Readme.md
113 silly gunzTarPerm extractEntry test-package/node_modules/formidable/TODO
114 silly gunzTarPerm extractEntry test-package/node_modules/formidable/benchmark/bench-multipart-parser.js
115 silly gunzTarPerm extractEntry test-package/node_modules/formidable/.travis.yml
116 silly gunzTarPerm extractEntry test-package/node_modules/formidable/tool/record.js
117 silly gunzTarPerm extractEntry test-package/node_modules/formidable/lib/file.js
118 silly gunzTarPerm extractEntry test-package/node_modules/formidable/lib/incoming_form.js
119 silly gunzTarPerm extractEntry test-package/node_modules/formidable/lib/index.js
120 silly gunzTarPerm extractEntry test-package/node_modules/formidable/lib/multipart_parser.js
121 silly gunzTarPerm extractEntry test-package/node_modules/formidable/lib/querystring_parser.js
122 silly gunzTarPerm extractEntry test-package/node_modules/formidable/lib/util.js
123 silly gunzTarPerm extractEntry test-package/node_modules/formidable/node-gently/package.json
124 silly gunzTarPerm extractEntry test-package/node_modules/formidable/node-gently/index.js
125 silly gunzTarPerm extractEntry test-package/node_modules/formidable/node-gently/Makefile
126 silly gunzTarPerm extractEntry test-package/node_modules/formidable/node-gently/Readme.md
127 silly gunzTarPerm extractEntry test-package/node_modules/formidable/node-gently/example/dog.js
128 silly gunzTarPerm extractEntry test-package/node_modules/formidable/node-gently/example/event_emitter.js
129 silly gunzTarPerm extractEntry test-package/node_modules/formidable/node-gently/lib/gently/gently.js
130 silly gunzTarPerm extractEntry test-package/node_modules/formidable/node-gently/lib/gently/index.js
131 silly gunzTarPerm extractEntry test-package/node_modules/formidable/node-gently/test/common.js
132 silly gunzTarPerm extractEntry test-package/node_modules/formidable/node-gently/test/simple/test-gently.js
133 silly gunzTarPerm extractEntry test-package/node_modules/formidable/Makefile
134 silly gunzTarPerm extractEntry test-package/node_modules/formidable/test/common.js
135 silly gunzTarPerm extractEntry test-package/node_modules/formidable/test/run.js
136 silly gunzTarPerm extractEntry test-package/node_modules/formidable/test/fixture/multipart.js
137 silly gunzTarPerm extractEntry test-package/node_modules/formidable/test/fixture/file/funkyfilename.txt
138 silly gunzTarPerm extractEntry test-package/node_modules/formidable/test/fixture/file/plain.txt
139 silly gunzTarPerm extractEntry test-package/node_modules/formidable/test/fixture/http/special-chars-in-filename/info.md
140 silly gunzTarPerm extractEntry test-package/node_modules/formidable/test/fixture/js/no-filename.js
141 silly gunzTarPerm extractEntry test-package/node_modules/formidable/test/fixture/js/special-chars-in-filename.js
142 silly gunzTarPerm extractEntry test-package/node_modules/formidable/test/integration/test-fixtures.js
143 silly gunzTarPerm extractEntry test-package/node_modules/formidable/test/legacy/common.js
144 silly gunzTarPerm extractEntry test-package/node_modules/formidable/test/legacy/integration/test-multipart-parser.js
145 silly gunzTarPerm extractEntry test-package/node_modules/formidable/test/legacy/simple/test-file.js
146 silly gunzTarPerm extractEntry test-package/node_modules/formidable/test/legacy/simple/test-incoming-form.js
147 silly gunzTarPerm extractEntry test-package/node_modules/formidable/test/legacy/simple/test-multipart-parser.js
148 silly gunzTarPerm extractEntry test-package/node_modules/formidable/test/legacy/simple/test-querystring-parser.js
149 silly gunzTarPerm extractEntry test-package/node_modules/formidable/test/legacy/system/test-multi-video-upload.js
150 silly gunzTarPerm extractEntry test-package/node_modules/formidable/test/unit/test-incoming-form.js
151 silly gunzTarPerm extractEntry test-package/node_modules/formidable/example/post.js
152 silly gunzTarPerm extractEntry test-package/node_modules/formidable/example/upload.js
153 silly gunzTarPerm extractEntry test-package/node_modules/cookie/package.json
154 silly gunzTarPerm extractEntry test-package/node_modules/cookie/.npmignore
155 silly gunzTarPerm extractEntry test-package/node_modules/cookie/README.md
156 silly gunzTarPerm extractEntry test-package/node_modules/cookie/index.js
157 silly gunzTarPerm extractEntry test-package/node_modules/cookie/.travis.yml
158 silly gunzTarPerm extractEntry test-package/node_modules/cookie/test/parse.js
159 silly gunzTarPerm extractEntry test-package/node_modules/cookie/test/serialize.js
160 silly gunzTarPerm extractEntry test-package/node_modules/cookie/test/mocha.opts
161 silly gunzTarPerm extractEntry test-package/node_modules/fs/package.json
162 silly gunzTarPerm extractEntry test-package/node_modules/fs/README.md
163 silly gunzTarPerm extractEntry test-package/node_modules/fs/.idea/.name
164 silly gunzTarPerm extractEntry test-package/node_modules/fs/.idea/dictionaries/flashsoft.xml
165 silly gunzTarPerm extractEntry test-package/node_modules/fs/.idea/encodings.xml
166 silly gunzTarPerm extractEntry test-package/node_modules/fs/.idea/ex.iml
167 silly gunzTarPerm extractEntry test-package/node_modules/fs/.idea/jsLibraryMappings.xml
168 silly gunzTarPerm extractEntry test-package/node_modules/fs/.idea/misc.xml
169 silly gunzTarPerm extractEntry test-package/node_modules/fs/.idea/modules.xml
170 silly gunzTarPerm extractEntry test-package/node_modules/fs/.idea/scopes/scope_settings.xml
171 silly gunzTarPerm extractEntry test-package/node_modules/fs/.idea/vcs.xml
172 silly gunzTarPerm extractEntry test-package/node_modules/fs/.idea/workspace.xml
173 silly gunzTarPerm extractEntry test-package/node_modules/pause/package.json
174 silly gunzTarPerm extractEntry test-package/node_modules/pause/.npmignore
175 silly gunzTarPerm extractEntry test-package/node_modules/pause/index.js
176 silly gunzTarPerm extractEntry test-package/node_modules/pause/History.md
177 silly gunzTarPerm extractEntry test-package/node_modules/pause/Makefile
178 silly gunzTarPerm extractEntry test-package/node_modules/pause/Readme.md
179 silly gunzTarPerm extractEntry test-package/node_modules/qs/package.json
180 silly gunzTarPerm extractEntry test-package/node_modules/qs/.npmignore
181 silly gunzTarPerm extractEntry test-package/node_modules/qs/benchmark.js
182 silly gunzTarPerm extractEntry test-package/node_modules/qs/examples.js
183 silly gunzTarPerm extractEntry test-package/node_modules/qs/index.js
184 silly gunzTarPerm extractEntry test-package/node_modules/qs/querystring.js
185 silly gunzTarPerm extractEntry test-package/node_modules/qs/component.json
186 silly gunzTarPerm extractEntry test-package/node_modules/qs/.travis.yml
187 silly gunzTarPerm extractEntry test-package/node_modules/qs/History.md
188 silly gunzTarPerm extractEntry test-package/node_modules/qs/Makefile
189 silly gunzTarPerm extractEntry test-package/node_modules/qs/lib/head.js
190 silly gunzTarPerm extractEntry test-package/node_modules/qs/lib/querystring.js
191 silly gunzTarPerm extractEntry test-package/node_modules/qs/lib/tail.js
192 silly gunzTarPerm extractEntry test-package/node_modules/qs/Readme.md
193 silly gunzTarPerm extractEntry test-package/node_modules/qs/.gitmodules
194 silly gunzTarPerm extractEntry test-package/node_modules/qs/test/parse.js
195 silly gunzTarPerm extractEntry test-package/node_modules/qs/test/stringify.js
196 silly gunzTarPerm extractEntry test-package/node_modules/qs/test/browser/expect.js
197 silly gunzTarPerm extractEntry test-package/node_modules/qs/test/browser/jquery.js
198 silly gunzTarPerm extractEntry test-package/node_modules/qs/test/browser/mocha.js
199 silly gunzTarPerm extractEntry test-package/node_modules/qs/test/browser/qs.js
200 silly gunzTarPerm extractEntry test-package/node_modules/qs/test/browser/index.html
201 silly gunzTarPerm extractEntry test-package/node_modules/qs/test/browser/mocha.css
202 silly gunzTarPerm extractEntry test-package/node_modules/qs/test/browser/qs.css
203 silly gunzTarPerm extractEntry test-package/node_modules/range-parser/package.json
204 silly gunzTarPerm extractEntry test-package/node_modules/range-parser/.npmignore
205 silly gunzTarPerm extractEntry test-package/node_modules/range-parser/index.js
206 silly gunzTarPerm extractEntry test-package/node_modules/range-parser/History.md
207 silly gunzTarPerm extractEntry test-package/node_modules/range-parser/Makefile
208 silly gunzTarPerm extractEntry test-package/node_modules/range-parser/Readme.md
209 silly gunzTarPerm extractEntry test-package/node_modules/send/package.json
210 silly gunzTarPerm extractEntry test-package/node_modules/send/.npmignore
211 silly gunzTarPerm extractEntry test-package/node_modules/send/index.js
212 silly gunzTarPerm extractEntry test-package/node_modules/send/History.md
213 silly gunzTarPerm extractEntry test-package/node_modules/send/Makefile
214 silly gunzTarPerm extractEntry test-package/node_modules/send/Readme.md
215 silly gunzTarPerm extractEntry test-package/node_modules/send/lib/send.js
216 silly gunzTarPerm extractEntry test-package/node_modules/send/lib/utils.js
217 silly gunzTarPerm extractEntry test-package/node_modules/send/node_modules/mime/package.json
218 silly gunzTarPerm extractEntry test-package/node_modules/send/node_modules/mime/README.md
219 silly gunzTarPerm extractEntry test-package/node_modules/send/node_modules/mime/LICENSE
220 silly gunzTarPerm extractEntry test-package/node_modules/send/node_modules/mime/mime.js
221 silly gunzTarPerm extractEntry test-package/node_modules/send/node_modules/mime/test.js
222 silly gunzTarPerm extractEntry test-package/node_modules/send/node_modules/mime/types/mime.types
223 silly gunzTarPerm extractEntry test-package/node_modules/send/node_modules/mime/types/node.types
224 silly gunzTarPerm extractEntry vendor/ender-js/ender.js
225 silly lockFile 528f1691-50168-0-4570165213663131-package tar:///var/folders/0g/kkp85r6j6dj8pwx96p0zwcdr0000gn/T/npm-16693-1Z5TuQ3B/1383920150168-0.4570165213663131/package
226 silly lockFile 528f1691-50168-0-4570165213663131-package tar:///var/folders/0g/kkp85r6j6dj8pwx96p0zwcdr0000gn/T/npm-16693-1Z5TuQ3B/1383920150168-0.4570165213663131/package
227 silly lockFile 154876a0-50168-0-4570165213663131-tmp-tgz tar:///var/folders/0g/kkp85r6j6dj8pwx96p0zwcdr0000gn/T/npm-16693-1Z5TuQ3B/1383920150168-0.4570165213663131/tmp.tgz
228 silly lockFile 154876a0-50168-0-4570165213663131-tmp-tgz tar:///var/folders/0g/kkp85r6j6dj8pwx96p0zwcdr0000gn/T/npm-16693-1Z5TuQ3B/1383920150168-0.4570165213663131/tmp.tgz
229 verbose tar pack [ '/Users/danielkershaw/.npm/pakmanager/0.12.1/package.tgz',
229 verbose tar pack   '/var/folders/0g/kkp85r6j6dj8pwx96p0zwcdr0000gn/T/npm-16693-1Z5TuQ3B/1383920150168-0.4570165213663131/package' ]
230 verbose tarball /Users/danielkershaw/.npm/pakmanager/0.12.1/package.tgz
231 verbose folder /var/folders/0g/kkp85r6j6dj8pwx96p0zwcdr0000gn/T/npm-16693-1Z5TuQ3B/1383920150168-0.4570165213663131/package
232 silly lockFile 528f1691-50168-0-4570165213663131-package tar:///var/folders/0g/kkp85r6j6dj8pwx96p0zwcdr0000gn/T/npm-16693-1Z5TuQ3B/1383920150168-0.4570165213663131/package
233 verbose lock tar:///var/folders/0g/kkp85r6j6dj8pwx96p0zwcdr0000gn/T/npm-16693-1Z5TuQ3B/1383920150168-0.4570165213663131/package /Users/danielkershaw/.npm/528f1691-50168-0-4570165213663131-package.lock
234 silly lockFile d305ded6-pm-pakmanager-0-12-1-package-tgz tar:///Users/danielkershaw/.npm/pakmanager/0.12.1/package.tgz
235 verbose lock tar:///Users/danielkershaw/.npm/pakmanager/0.12.1/package.tgz /Users/danielkershaw/.npm/d305ded6-pm-pakmanager-0-12-1-package-tgz.lock
236 silly lockFile 528f1691-50168-0-4570165213663131-package tar:///var/folders/0g/kkp85r6j6dj8pwx96p0zwcdr0000gn/T/npm-16693-1Z5TuQ3B/1383920150168-0.4570165213663131/package
237 silly lockFile 528f1691-50168-0-4570165213663131-package tar:///var/folders/0g/kkp85r6j6dj8pwx96p0zwcdr0000gn/T/npm-16693-1Z5TuQ3B/1383920150168-0.4570165213663131/package
238 silly lockFile d305ded6-pm-pakmanager-0-12-1-package-tgz tar:///Users/danielkershaw/.npm/pakmanager/0.12.1/package.tgz
239 silly lockFile d305ded6-pm-pakmanager-0-12-1-package-tgz tar:///Users/danielkershaw/.npm/pakmanager/0.12.1/package.tgz
240 silly lockFile a9137f07-aw-npm-pakmanager-0-12-1-package /Users/danielkershaw/.npm/pakmanager/0.12.1/package
241 verbose lock /Users/danielkershaw/.npm/pakmanager/0.12.1/package /Users/danielkershaw/.npm/a9137f07-aw-npm-pakmanager-0-12-1-package.lock
242 silly lockFile a9137f07-aw-npm-pakmanager-0-12-1-package /Users/danielkershaw/.npm/pakmanager/0.12.1/package
243 silly lockFile a9137f07-aw-npm-pakmanager-0-12-1-package /Users/danielkershaw/.npm/pakmanager/0.12.1/package
244 verbose tar unpack /Users/danielkershaw/.npm/pakmanager/0.12.1/package.tgz
245 silly lockFile 3aafdcc1-aw-npm-pakmanager-0-12-1-package tar:///Users/danielkershaw/.npm/pakmanager/0.12.1/package
246 verbose lock tar:///Users/danielkershaw/.npm/pakmanager/0.12.1/package /Users/danielkershaw/.npm/3aafdcc1-aw-npm-pakmanager-0-12-1-package.lock
247 silly lockFile d305ded6-pm-pakmanager-0-12-1-package-tgz tar:///Users/danielkershaw/.npm/pakmanager/0.12.1/package.tgz
248 verbose lock tar:///Users/danielkershaw/.npm/pakmanager/0.12.1/package.tgz /Users/danielkershaw/.npm/d305ded6-pm-pakmanager-0-12-1-package-tgz.lock
249 silly gunzTarPerm modes [ '755', '644' ]
250 silly gunzTarPerm extractEntry package.json
251 silly gunzTarPerm extractEntry .npmignore
252 silly gunzTarPerm extractEntry README.md
253 silly gunzTarPerm extractEntry has-package.js
254 silly gunzTarPerm extractEntry has-browser.js
255 silly gunzTarPerm extractEntry rwalk-test.js
256 silly gunzTarPerm extractEntry rwalk.js
257 silly gunzTarPerm extractEntry LICENSE.MIT
258 silly gunzTarPerm extractEntry lib/browser-natives.js
259 silly gunzTarPerm extractEntry lib/index.js
260 silly gunzTarPerm extractEntry lib/node-natives.js
261 silly gunzTarPerm extractEntry lib/pakmanager-loader-browser.js
262 silly gunzTarPerm extractEntry lib/pakmanager-loader.js
263 silly gunzTarPerm extractEntry mkender.sh
264 silly gunzTarPerm extractEntry .jshintrc
265 silly gunzTarPerm extractEntry bin/argparse.js
266 silly gunzTarPerm extractEntry bin/cli.js
267 silly gunzTarPerm extractEntry bin/pakmanager.js
268 silly gunzTarPerm extractEntry bin/argparsers/build.js
269 silly gunzTarPerm extractEntry bin/argparsers/deps.js
270 silly gunzTarPerm extractEntry bin/argparsers/main.js
271 silly gunzTarPerm extractEntry LICENSE.APACHE2
272 silly gunzTarPerm extractEntry test-package/package.json
273 silly gunzTarPerm extractEntry test-package/pakmanaged.js
274 silly gunzTarPerm extractEntry test-package/pakmanaged.min.js
275 silly gunzTarPerm extractEntry test-package/lib/bar.js
276 silly gunzTarPerm extractEntry test-package/lib/baz.js
277 silly gunzTarPerm extractEntry test-package/lib/foo.js
278 silly gunzTarPerm extractEntry test-package/lib/index.js
279 silly gunzTarPerm extractEntry test-package/pakmanaged.html
280 silly gunzTarPerm extractEntry test-package/pakmanaged.jade
281 silly gunzTarPerm extractEntry test-package/pakmanaged.js.gz
282 silly gunzTarPerm extractEntry test-package/pakmanaged.min.js.gz
283 silly gunzTarPerm extractEntry test-package/node_modules/fresh/package.json
284 silly gunzTarPerm extractEntry test-package/node_modules/fresh/.npmignore
285 silly gunzTarPerm extractEntry test-package/node_modules/fresh/index.js
286 silly gunzTarPerm extractEntry test-package/node_modules/fresh/Makefile
287 silly gunzTarPerm extractEntry test-package/node_modules/fresh/Readme.md
288 silly gunzTarPerm extractEntry test-package/node_modules/bytes/package.json
289 silly gunzTarPerm extractEntry test-package/node_modules/bytes/.npmignore
290 silly gunzTarPerm extractEntry test-package/node_modules/bytes/index.js
291 silly gunzTarPerm extractEntry test-package/node_modules/bytes/History.md
292 silly gunzTarPerm extractEntry test-package/node_modules/bytes/Makefile
293 silly gunzTarPerm extractEntry test-package/node_modules/bytes/Readme.md
294 silly gunzTarPerm extractEntry test-package/node_modules/bytes/component.json
295 silly gunzTarPerm extractEntry test-package/node_modules/crc/package.json
296 silly gunzTarPerm extractEntry test-package/node_modules/crc/.npmignore
297 silly gunzTarPerm extractEntry test-package/node_modules/crc/README.md
298 silly gunzTarPerm extractEntry test-package/node_modules/crc/.gitmodules
299 silly gunzTarPerm extractEntry test-package/node_modules/crc/Makefile
300 silly gunzTarPerm extractEntry test-package/node_modules/crc/lib/crc.js
301 silly gunzTarPerm extractEntry test-package/node_modules/crc/test/crc.js
302 silly gunzTarPerm extractEntry test-package/node_modules/debug/package.json
303 silly gunzTarPerm extractEntry test-package/node_modules/debug/.npmignore
304 silly gunzTarPerm extractEntry test-package/node_modules/debug/index.js
305 silly gunzTarPerm extractEntry test-package/node_modules/debug/debug.component.js
306 silly gunzTarPerm extractEntry test-package/node_modules/debug/debug.js
307 silly gunzTarPerm extractEntry test-package/node_modules/debug/head.js
308 silly gunzTarPerm extractEntry test-package/node_modules/debug/tail.js
309 silly gunzTarPerm extractEntry test-package/node_modules/debug/History.md
310 silly gunzTarPerm extractEntry test-package/node_modules/debug/Readme.md
311 silly gunzTarPerm extractEntry test-package/node_modules/debug/lib/debug.js
312 silly gunzTarPerm extractEntry test-package/node_modules/debug/Makefile
313 silly gunzTarPerm extractEntry test-package/node_modules/debug/example/app.js
314 silly gunzTarPerm extractEntry test-package/node_modules/debug/example/wildcards.js
315 silly gunzTarPerm extractEntry test-package/node_modules/debug/example/worker.js
316 silly gunzTarPerm extractEntry test-package/node_modules/debug/example/browser.html
317 silly gunzTarPerm extractEntry test-package/node_modules/formidable/package.json
318 silly gunzTarPerm extractEntry test-package/node_modules/formidable/.npmignore
319 silly gunzTarPerm extractEntry test-package/node_modules/formidable/index.js
320 silly gunzTarPerm extractEntry test-package/node_modules/formidable/Readme.md
321 silly gunzTarPerm extractEntry test-package/node_modules/formidable/TODO
322 silly gunzTarPerm extractEntry test-package/node_modules/formidable/benchmark/bench-multipart-parser.js
323 silly gunzTarPerm extractEntry test-package/node_modules/formidable/.travis.yml
324 silly gunzTarPerm extractEntry test-package/node_modules/formidable/tool/record.js
325 silly gunzTarPerm extractEntry test-package/node_modules/formidable/lib/file.js
326 silly gunzTarPerm extractEntry test-package/node_modules/formidable/lib/incoming_form.js
327 silly gunzTarPerm extractEntry test-package/node_modules/formidable/lib/index.js
328 silly gunzTarPerm extractEntry test-package/node_modules/formidable/lib/multipart_parser.js
329 silly gunzTarPerm extractEntry test-package/node_modules/formidable/lib/querystring_parser.js
330 silly gunzTarPerm extractEntry test-package/node_modules/formidable/lib/util.js
331 silly gunzTarPerm extractEntry test-package/node_modules/formidable/node-gently/package.json
332 silly gunzTarPerm extractEntry test-package/node_modules/formidable/node-gently/index.js
333 silly gunzTarPerm extractEntry test-package/node_modules/formidable/node-gently/Makefile
334 silly gunzTarPerm extractEntry test-package/node_modules/formidable/node-gently/Readme.md
335 silly gunzTarPerm extractEntry test-package/node_modules/formidable/node-gently/example/dog.js
336 silly gunzTarPerm extractEntry test-package/node_modules/formidable/node-gently/example/event_emitter.js
337 silly gunzTarPerm extractEntry test-package/node_modules/formidable/node-gently/lib/gently/gently.js
338 silly gunzTarPerm extractEntry test-package/node_modules/formidable/node-gently/lib/gently/index.js
339 silly gunzTarPerm extractEntry test-package/node_modules/formidable/node-gently/test/common.js
340 silly gunzTarPerm extractEntry test-package/node_modules/formidable/node-gently/test/simple/test-gently.js
341 silly gunzTarPerm extractEntry test-package/node_modules/formidable/Makefile
342 silly gunzTarPerm extractEntry test-package/node_modules/formidable/test/common.js
343 silly gunzTarPerm extractEntry test-package/node_modules/formidable/test/run.js
344 silly gunzTarPerm extractEntry test-package/node_modules/formidable/test/fixture/multipart.js
345 silly gunzTarPerm extractEntry test-package/node_modules/formidable/test/fixture/file/funkyfilename.txt
346 silly gunzTarPerm extractEntry test-package/node_modules/formidable/test/fixture/file/plain.txt
347 silly gunzTarPerm extractEntry test-package/node_modules/formidable/test/fixture/http/special-chars-in-filename/info.md
348 silly gunzTarPerm extractEntry test-package/node_modules/formidable/test/fixture/js/no-filename.js
349 silly gunzTarPerm extractEntry test-package/node_modules/formidable/test/fixture/js/special-chars-in-filename.js
350 silly gunzTarPerm extractEntry test-package/node_modules/formidable/test/integration/test-fixtures.js
351 silly gunzTarPerm extractEntry test-package/node_modules/formidable/test/legacy/common.js
352 silly gunzTarPerm extractEntry test-package/node_modules/formidable/test/legacy/integration/test-multipart-parser.js
353 silly gunzTarPerm extractEntry test-package/node_modules/formidable/test/legacy/simple/test-file.js
354 silly gunzTarPerm extractEntry test-package/node_modules/formidable/test/legacy/simple/test-incoming-form.js
355 silly gunzTarPerm extractEntry test-package/node_modules/formidable/test/legacy/simple/test-multipart-parser.js
356 silly gunzTarPerm extractEntry test-package/node_modules/formidable/test/legacy/simple/test-querystring-parser.js
357 silly gunzTarPerm extractEntry test-package/node_modules/formidable/test/legacy/system/test-multi-video-upload.js
358 silly gunzTarPerm extractEntry test-package/node_modules/formidable/test/unit/test-incoming-form.js
359 silly gunzTarPerm extractEntry test-package/node_modules/formidable/example/post.js
360 silly gunzTarPerm extractEntry test-package/node_modules/formidable/example/upload.js
361 silly gunzTarPerm extractEntry test-package/node_modules/cookie/package.json
362 silly gunzTarPerm extractEntry test-package/node_modules/cookie/.npmignore
363 silly gunzTarPerm extractEntry test-package/node_modules/cookie/README.md
364 silly gunzTarPerm extractEntry test-package/node_modules/cookie/index.js
365 silly gunzTarPerm extractEntry test-package/node_modules/cookie/.travis.yml
366 silly gunzTarPerm extractEntry test-package/node_modules/cookie/test/parse.js
367 silly gunzTarPerm extractEntry test-package/node_modules/cookie/test/serialize.js
368 silly gunzTarPerm extractEntry test-package/node_modules/cookie/test/mocha.opts
369 silly gunzTarPerm extractEntry test-package/node_modules/fs/package.json
370 silly gunzTarPerm extractEntry test-package/node_modules/fs/README.md
371 silly gunzTarPerm extractEntry test-package/node_modules/fs/.idea/.name
372 silly gunzTarPerm extractEntry test-package/node_modules/fs/.idea/dictionaries/flashsoft.xml
373 silly gunzTarPerm extractEntry test-package/node_modules/fs/.idea/encodings.xml
374 silly gunzTarPerm extractEntry test-package/node_modules/fs/.idea/ex.iml
375 silly gunzTarPerm extractEntry test-package/node_modules/fs/.idea/jsLibraryMappings.xml
376 silly gunzTarPerm extractEntry test-package/node_modules/fs/.idea/misc.xml
377 silly gunzTarPerm extractEntry test-package/node_modules/fs/.idea/modules.xml
378 silly gunzTarPerm extractEntry test-package/node_modules/fs/.idea/scopes/scope_settings.xml
379 silly gunzTarPerm extractEntry test-package/node_modules/fs/.idea/vcs.xml
380 silly gunzTarPerm extractEntry test-package/node_modules/fs/.idea/workspace.xml
381 silly gunzTarPerm extractEntry test-package/node_modules/pause/package.json
382 silly gunzTarPerm extractEntry test-package/node_modules/pause/.npmignore
383 silly gunzTarPerm extractEntry test-package/node_modules/pause/index.js
384 silly gunzTarPerm extractEntry test-package/node_modules/pause/History.md
385 silly gunzTarPerm extractEntry test-package/node_modules/pause/Makefile
386 silly gunzTarPerm extractEntry test-package/node_modules/pause/Readme.md
387 silly gunzTarPerm extractEntry test-package/node_modules/qs/package.json
388 silly gunzTarPerm extractEntry test-package/node_modules/qs/.npmignore
389 silly gunzTarPerm extractEntry test-package/node_modules/qs/benchmark.js
390 silly gunzTarPerm extractEntry test-package/node_modules/qs/examples.js
391 silly gunzTarPerm extractEntry test-package/node_modules/qs/index.js
392 silly gunzTarPerm extractEntry test-package/node_modules/qs/querystring.js
393 silly gunzTarPerm extractEntry test-package/node_modules/qs/component.json
394 silly gunzTarPerm extractEntry test-package/node_modules/qs/.travis.yml
395 silly gunzTarPerm extractEntry test-package/node_modules/qs/History.md
396 silly gunzTarPerm extractEntry test-package/node_modules/qs/Makefile
397 silly gunzTarPerm extractEntry test-package/node_modules/qs/lib/head.js
398 silly gunzTarPerm extractEntry test-package/node_modules/qs/lib/querystring.js
399 silly gunzTarPerm extractEntry test-package/node_modules/qs/lib/tail.js
400 silly gunzTarPerm extractEntry test-package/node_modules/qs/Readme.md
401 silly gunzTarPerm extractEntry test-package/node_modules/qs/.gitmodules
402 silly gunzTarPerm extractEntry test-package/node_modules/qs/test/parse.js
403 silly gunzTarPerm extractEntry test-package/node_modules/qs/test/stringify.js
404 silly gunzTarPerm extractEntry test-package/node_modules/qs/test/browser/expect.js
405 silly gunzTarPerm extractEntry test-package/node_modules/qs/test/browser/jquery.js
406 silly gunzTarPerm extractEntry test-package/node_modules/qs/test/browser/mocha.js
407 silly gunzTarPerm extractEntry test-package/node_modules/qs/test/browser/qs.js
408 silly gunzTarPerm extractEntry test-package/node_modules/qs/test/browser/index.html
409 silly gunzTarPerm extractEntry test-package/node_modules/qs/test/browser/mocha.css
410 silly gunzTarPerm extractEntry test-package/node_modules/qs/test/browser/qs.css
411 silly gunzTarPerm extractEntry test-package/node_modules/range-parser/package.json
412 silly gunzTarPerm extractEntry test-package/node_modules/range-parser/.npmignore
413 silly gunzTarPerm extractEntry test-package/node_modules/range-parser/index.js
414 silly gunzTarPerm extractEntry test-package/node_modules/range-parser/History.md
415 silly gunzTarPerm extractEntry test-package/node_modules/range-parser/Makefile
416 silly gunzTarPerm extractEntry test-package/node_modules/range-parser/Readme.md
417 silly gunzTarPerm extractEntry test-package/node_modules/send/package.json
418 silly gunzTarPerm extractEntry test-package/node_modules/send/.npmignore
419 silly gunzTarPerm extractEntry test-package/node_modules/send/index.js
420 silly gunzTarPerm extractEntry test-package/node_modules/send/History.md
421 silly gunzTarPerm extractEntry test-package/node_modules/send/Makefile
422 silly gunzTarPerm extractEntry test-package/node_modules/send/Readme.md
423 silly gunzTarPerm extractEntry test-package/node_modules/send/lib/send.js
424 silly gunzTarPerm extractEntry test-package/node_modules/send/lib/utils.js
425 silly gunzTarPerm extractEntry test-package/node_modules/send/node_modules/mime/package.json
426 silly gunzTarPerm extractEntry test-package/node_modules/send/node_modules/mime/README.md
427 silly gunzTarPerm extractEntry test-package/node_modules/send/node_modules/mime/LICENSE
428 silly gunzTarPerm extractEntry test-package/node_modules/send/node_modules/mime/mime.js
429 silly gunzTarPerm extractEntry test-package/node_modules/send/node_modules/mime/test.js
430 silly gunzTarPerm extractEntry test-package/node_modules/send/node_modules/mime/types/mime.types
431 silly gunzTarPerm extractEntry test-package/node_modules/send/node_modules/mime/types/node.types
432 silly gunzTarPerm extractEntry vendor/ender-js/ender.js
433 silly lockFile 3aafdcc1-aw-npm-pakmanager-0-12-1-package tar:///Users/danielkershaw/.npm/pakmanager/0.12.1/package
434 silly lockFile 3aafdcc1-aw-npm-pakmanager-0-12-1-package tar:///Users/danielkershaw/.npm/pakmanager/0.12.1/package
435 silly lockFile d305ded6-pm-pakmanager-0-12-1-package-tgz tar:///Users/danielkershaw/.npm/pakmanager/0.12.1/package.tgz
436 silly lockFile d305ded6-pm-pakmanager-0-12-1-package-tgz tar:///Users/danielkershaw/.npm/pakmanager/0.12.1/package.tgz
437 verbose chmod /Users/danielkershaw/.npm/pakmanager/0.12.1/package.tgz 644
438 verbose chown /Users/danielkershaw/.npm/pakmanager/0.12.1/package.tgz [ 501, 20 ]
439 silly lockFile 4d33d4d8-pakmanager-pakmanager-0-12-1-tgz https://registry.npmjs.org/pakmanager/-/pakmanager-0.12.1.tgz
440 silly lockFile 4d33d4d8-pakmanager-pakmanager-0-12-1-tgz https://registry.npmjs.org/pakmanager/-/pakmanager-0.12.1.tgz
441 silly lockFile dbf044d4-pakmanager-0-12-1 pakmanager@0.12.1
442 silly lockFile dbf044d4-pakmanager-0-12-1 pakmanager@0.12.1
443 silly lockFile 15818177-pakmanager pakmanager@
444 silly lockFile 15818177-pakmanager pakmanager@
445 silly resolved [ { author:
445 silly resolved      { name: 'AJ ONeal',
445 silly resolved        email: 'coolaj86@gmail.com',
445 silly resolved        url: 'http://coolaj86.info' },
445 silly resolved     name: 'pakmanager',
445 silly resolved     description: 'A demo package manager using the pakman API.',
445 silly resolved     version: '0.12.1',
445 silly resolved     homepage: 'https://github.com/coolaj86/node-pakman',
445 silly resolved     repository:
445 silly resolved      { type: 'git',
445 silly resolved        url: 'git://github.com/coolaj86/node-pakman.git' },
445 silly resolved     main: 'lib/index',
445 silly resolved     lib: 'lib',
445 silly resolved     bin: { pakmanager: 'bin/pakmanager.js' },
445 silly resolved     scripts: { test: 'pakmanager' },
445 silly resolved     engines: { node: '>=0.4' },
445 silly resolved     dependencies: { pakman: '>=0.11.5 <0.12.0', argparse: '>=0.1.5 <0.2.0' },
445 silly resolved     devDependencies: {},
445 silly resolved     readme: 'pakmanager\n===\n\nAn example (and fully functional) package manager built on the [`pakman`](http://github.com/coolaj86/node-pakman) and `npm` APIs.\n\nInstallation\n===\n\nIf you haven\'t already set your NPM author info, now you should:\n\n    npm set init.author.name "Your Name"\n    npm set init.author.email "you@example.com"\n    npm set init.author.url "http://yourblog.com"\n\n    npm adduser\n\nAnd install pakmanager:\n\n    npm install -g pakmanager\n\nUsage\n===\n\nIn short: run `pakmanager build` wherever `package.json` exists\n\nCreate your project\n\n    PROJECT=~/Code/some-project\n    mkdir -p ${PROJECT}/lib\n    cd ${PROJECT}\n    touch lib/index.js\n    npm init\n\nNOTE: Your code will be wrapped in a strict-mode closure - so don\'t use "The Bad Parts" TM such as using `this` to refer to the global object. See [jshint](http://jshint.com).\n\n    (function () { "use strict";\n      var module = { exports: {} };\n      /*** your code pasted here ***/ \n      provide(\'providename\', module);\n    }());\n\nMark as private if need be by editing `package.json` and adding `"private": true,`\n\nTest and build your module\n\n    pakmanager deps\n    pakmanager build\n    # edit pakmanaged-test.js\n    # open pakmanaged.html to see about any errors\n\nAnd you might want to publish your module\n\n    npm publish ./\n\n\nCLI / API\n===\n\n    pakmanager deps       # list all dependencies\n    pakmanager build      # builds package.json.browserDependencies and package.json.main\n\n    rm -rf pakmanaged.js ./node_modules # clean old builds\n\nInternal API\n===\n\n    #create(config)\n    #init(cb, config)\n\n    config.packageRoot\n\nTODO\n===\n\nlinting\n\njshint code and report errors\n\nAdd to API\n\n    pakmanager init       # creates / updates package.json\n    pakmanager install    # installs package.json.browserDependencies into ./node_modules\n    pakmanager clean      # rm -rf ./node_modules\n    pakmanager rebuild    # clean, build\n    pakmanager add        # add module@ver to package.json.browserDependencies\n    pakmanager set        # set module@ver in package.json.browserDependencies\n',
445 silly resolved     readmeFilename: 'README.md',
445 silly resolved     bugs: { url: 'https://github.com/coolaj86/node-pakman/issues' },
445 silly resolved     _id: 'pakmanager@0.12.1',
445 silly resolved     dist: { shasum: '6b0cfc746678e3041ba452ca43a84bc5a6552406' },
445 silly resolved     _from: 'pakmanager@',
445 silly resolved     _resolved: 'https://registry.npmjs.org/pakmanager/-/pakmanager-0.12.1.tgz' } ]
446 info install pakmanager@0.12.1 into /usr/local/lib
447 info installOne pakmanager@0.12.1
448 info /usr/local/lib/node_modules/pakmanager unbuild
449 verbose tar unpack /Users/danielkershaw/.npm/pakmanager/0.12.1/package.tgz
450 silly lockFile 1b13edd4-ocal-lib-node-modules-pakmanager tar:///usr/local/lib/node_modules/pakmanager
451 verbose lock tar:///usr/local/lib/node_modules/pakmanager /Users/danielkershaw/.npm/1b13edd4-ocal-lib-node-modules-pakmanager.lock
452 silly lockFile d305ded6-pm-pakmanager-0-12-1-package-tgz tar:///Users/danielkershaw/.npm/pakmanager/0.12.1/package.tgz
453 verbose lock tar:///Users/danielkershaw/.npm/pakmanager/0.12.1/package.tgz /Users/danielkershaw/.npm/d305ded6-pm-pakmanager-0-12-1-package-tgz.lock
454 silly gunzTarPerm modes [ '755', '644' ]
455 error Error: EACCES, mkdir '/usr/local/lib/node_modules/pakmanager'
455 error  { [Error: EACCES, mkdir '/usr/local/lib/node_modules/pakmanager']
455 error   errno: 3,
455 error   code: 'EACCES',
455 error   path: '/usr/local/lib/node_modules/pakmanager',
455 error   fstream_type: 'Directory',
455 error   fstream_path: '/usr/local/lib/node_modules/pakmanager',
455 error   fstream_class: 'DirWriter',
455 error   fstream_stack:
455 error    [ '/usr/local/lib/node_modules/npm/node_modules/fstream/lib/dir-writer.js:36:23',
455 error      '/usr/local/lib/node_modules/npm/node_modules/mkdirp/index.js:37:53',
455 error      'Object.oncomplete (fs.js:107:15)' ] }
456 error Please try running this command again as root/Administrator.
457 error System Darwin 13.0.0
458 error command "node" "/usr/local/bin/npm" "install" "-g" "pakmanager"
459 error cwd /Users/danielkershaw/Code/TransportAPI
460 error node -v v0.10.21
461 error npm -v 1.3.11
462 error path /usr/local/lib/node_modules/pakmanager
463 error fstream_path /usr/local/lib/node_modules/pakmanager
464 error fstream_type Directory
465 error fstream_class DirWriter
466 error code EACCES
467 error errno 3
468 error stack Error: EACCES, mkdir '/usr/local/lib/node_modules/pakmanager'
469 error fstream_stack /usr/local/lib/node_modules/npm/node_modules/fstream/lib/dir-writer.js:36:23
469 error fstream_stack /usr/local/lib/node_modules/npm/node_modules/mkdirp/index.js:37:53
469 error fstream_stack Object.oncomplete (fs.js:107:15)
470 verbose exit [ 3, true ]
